<?xml version="1.0" encoding="UTF-8"?>
<testng-results ignored="0" total="3" passed="3" failed="0" skipped="0">
  <reporter-output>
  </reporter-output>
  <suite started-at="2024-02-01T00:35:53 IST" name="Gradle suite" finished-at="2024-02-01T00:36:26 IST" duration-ms="32950">
    <groups>
      <group name="Login Flow">
        <method signature="TestCase_01.TestCase01(java.lang.String,java.lang.String)[pri:1, instance:qtriptest.tests.TestCase_01@48f278eb]" name="TestCase01" class="qtriptest.tests.TestCase_01"/>
      </group> <!-- Login Flow -->
    </groups>
    <test started-at="2024-02-01T00:35:53 IST" name="Gradle test" finished-at="2024-02-01T00:36:26 IST" duration-ms="32950">
      <class name="qtriptest.tests.TestCase_01">
        <test-method is-config="true" signature="createDriver()[pri:0, instance:qtriptest.tests.TestCase_01@48f278eb]" started-at="2024-02-01T00:35:51 IST" name="createDriver" finished-at="2024-02-01T00:35:53 IST" duration-ms="2267" status="PASS">
          <reporter-output>
          </reporter-output>
        </test-method> <!-- createDriver -->
        <test-method signature="TestCase01(java.lang.String,java.lang.String)[pri:1, instance:qtriptest.tests.TestCase_01@48f278eb]" started-at="2024-02-01T00:35:55 IST" name="TestCase01" description="verify Login flow" data-provider="DatasetsforQTrip" finished-at="2024-02-01T00:36:06 IST" duration-ms="10818" status="PASS">
          <params>
            <param index="0">
              <value>
                <![CDATA[testuser@gmail.com]]>
              </value>
            </param>
            <param index="1">
              <value>
                <![CDATA[abc@123]]>
              </value>
            </param>
          </params>
          <reporter-output>
          </reporter-output>
        </test-method> <!-- TestCase01 -->
        <test-method signature="TestCase01(java.lang.String,java.lang.String)[pri:1, instance:qtriptest.tests.TestCase_01@48f278eb]" started-at="2024-02-01T00:36:06 IST" name="TestCase01" description="verify Login flow" data-provider="DatasetsforQTrip" finished-at="2024-02-01T00:36:16 IST" duration-ms="10281" status="PASS">
          <params>
            <param index="0">
              <value>
                <![CDATA[TESTUSER@gmail.com]]>
              </value>
            </param>
            <param index="1">
              <value>
                <![CDATA[123456.0]]>
              </value>
            </param>
          </params>
          <reporter-output>
          </reporter-output>
        </test-method> <!-- TestCase01 -->
        <test-method signature="TestCase01(java.lang.String,java.lang.String)[pri:1, instance:qtriptest.tests.TestCase_01@48f278eb]" started-at="2024-02-01T00:36:16 IST" name="TestCase01" description="verify Login flow" data-provider="DatasetsforQTrip" finished-at="2024-02-01T00:36:26 IST" duration-ms="10147" status="PASS">
          <params>
            <param index="0">
              <value>
                <![CDATA[123_USER_low@gmail.com]]>
              </value>
            </param>
            <param index="1">
              <value>
                <![CDATA[QWERTY!!!!]]>
              </value>
            </param>
          </params>
          <reporter-output>
          </reporter-output>
        </test-method> <!-- TestCase01 -->
      </class> <!-- qtriptest.tests.TestCase_01 -->
    </test> <!-- Gradle test -->
  </suite> <!-- Gradle suite -->
</testng-results>
